<?xml version="1.0" encoding="UTF-8"?>
<!-- Generated by org.testng.reporters.JUnitReportReporter -->
<testsuite hostname="DESKTOP-EKTU0VS" failures="0" tests="1" name="runnerClass.RunnerIO" time="67.490" errors="0" timestamp="2024-03-18T13:41:58 IST" skipped="0">
  <testcase classname="runnerClass.RunnerIO" name="runScenario" time="67.490"/>
</testsuite> <!-- runnerClass.RunnerIO -->
